0 info it worked if it ends with ok
1 verbose cli [ '/Users/bragoods/.nvm/versions/node/v6.9.5/bin/node',
1 verbose cli   '/Users/bragoods/.nvm/versions/node/v6.9.5/bin/npm',
1 verbose cli   'publish',
1 verbose cli   '--access=public' ]
2 info using npm@3.10.10
3 info using node@v6.9.5
4 verbose publish [ '.' ]
5 silly cache add args [ '.', null ]
6 verbose cache add spec .
7 silly cache add parsed spec Result {
7 silly cache add   raw: '.',
7 silly cache add   scope: null,
7 silly cache add   escapedName: null,
7 silly cache add   name: null,
7 silly cache add   rawSpec: '.',
7 silly cache add   spec: '/Users/bragoods/Desktop/generate-vue-component-cli',
7 silly cache add   type: 'directory' }
8 verbose addLocalDirectory /Users/bragoods/.npm/@brn/gvc/0.2.0/package.tgz not in flight; packing
9 verbose correctMkdir /Users/bragoods/.npm correctMkdir not in flight; initializing
10 info lifecycle @brn/gvc@0.2.0~prepublish: @brn/gvc@0.2.0
11 silly lifecycle @brn/gvc@0.2.0~prepublish: no script for prepublish, continuing
12 verbose tar pack [ '/Users/bragoods/.npm/@brn/gvc/0.2.0/package.tgz',
12 verbose tar pack   '/Users/bragoods/Desktop/generate-vue-component-cli' ]
13 verbose tarball /Users/bragoods/.npm/@brn/gvc/0.2.0/package.tgz
14 verbose folder /Users/bragoods/Desktop/generate-vue-component-cli
15 verbose addLocalTarball adding from inside cache /Users/bragoods/.npm/@brn/gvc/0.2.0/package.tgz
16 verbose correctMkdir /Users/bragoods/.npm correctMkdir not in flight; initializing
17 silly cache afterAdd @brn/gvc@0.2.0
18 verbose afterAdd /Users/bragoods/.npm/@brn/gvc/0.2.0/package/package.json not in flight; writing
19 verbose correctMkdir /Users/bragoods/.npm correctMkdir not in flight; initializing
20 verbose afterAdd /Users/bragoods/.npm/@brn/gvc/0.2.0/package/package.json written
21 silly publish { name: '@brn/gvc',
21 silly publish   version: '0.2.0',
21 silly publish   description: 'generate a vuejs single file component from the command line with nodejs',
21 silly publish   repository:
21 silly publish    { type: 'git',
21 silly publish      url: 'git+ssh://git@github.com/brngdsn/generate-vue-component-cli.git' },
21 silly publish   author: { name: 'brn.gdsn@gmail.com' },
21 silly publish   license: 'MIT',
21 silly publish   bin: { gvc: 'bin/gvc.js' },
21 silly publish   dependencies: { chalk: '^1.1.3' },
21 silly publish   bugs: { url: 'https://github.com/brngdsn/generate-vue-component-cli/issues' },
21 silly publish   homepage: 'https://github.com/brngdsn/generate-vue-component-cli#readme',
21 silly publish   devDependencies: {},
21 silly publish   scripts: { test: 'echo "Error: no test specified" && exit 1' },
21 silly publish   keywords: [ 'generate', 'vuejs', 'single', 'file', 'component' ],
21 silly publish   readme: '# generate-vue-component-cli\n\n![Screenshot](hint.png)\n\n```bash\n$ yarn add gvc\n$ mkdir -p eg-directory/eg-directory\n$ gvc eg-component-name eg-directory/eg-directory\n```\n\nAssumes you\'re using `vuex` and `async` vuejs actions, gives you:\n\n![Screenshot](hint-2.png)',
21 silly publish   readmeFilename: 'README.md',
21 silly publish   gitHead: 'c9fd4fe2569df99adbae821b025ca45c9046b388',
21 silly publish   _id: '@brn/gvc@0.2.0',
21 silly publish   _shasum: 'cdb3edc3a802d7a2644f7680975a7d51c2f0000f',
21 silly publish   _from: '.' }
22 verbose getPublishConfig undefined
23 silly mapToRegistry name @brn/gvc
24 silly mapToRegistry scope (from package name) @brn
25 verbose mapToRegistry no registry URL found in name for scope @brn
26 silly mapToRegistry using default registry
27 silly mapToRegistry registry https://registry.npmjs.org/
28 silly mapToRegistry data Result {
28 silly mapToRegistry   raw: '@brn/gvc',
28 silly mapToRegistry   scope: '@brn',
28 silly mapToRegistry   escapedName: '@brn%2fgvc',
28 silly mapToRegistry   name: '@brn/gvc',
28 silly mapToRegistry   rawSpec: '',
28 silly mapToRegistry   spec: 'latest',
28 silly mapToRegistry   type: 'tag' }
29 silly mapToRegistry uri https://registry.npmjs.org/@brn%2fgvc
30 verbose publish registryBase https://registry.npmjs.org/
31 silly publish uploading /Users/bragoods/.npm/@brn/gvc/0.2.0/package.tgz
32 verbose request uri https://registry.npmjs.org/@brn%2fgvc
33 verbose request sending authorization for write operation
34 info attempt registry request try #1 at 12:53:29 PM
35 verbose request using bearer token for auth
36 verbose request id 4e5dcef6fc8fc17e
37 http request PUT https://registry.npmjs.org/@brn%2fgvc
38 http 403 https://registry.npmjs.org/@brn%2fgvc
39 verbose headers { 'content-type': 'application/json',
39 verbose headers   'cache-control': 'max-age=0',
39 verbose headers   'content-length': '21',
39 verbose headers   'accept-ranges': 'bytes',
39 verbose headers   date: 'Sat, 01 Apr 2017 16:53:30 GMT',
39 verbose headers   via: '1.1 varnish',
39 verbose headers   connection: 'keep-alive',
39 verbose headers   'x-served-by': 'cache-bos8226-BOS',
39 verbose headers   'x-cache': 'MISS',
39 verbose headers   'x-cache-hits': '0',
39 verbose headers   'x-timer': 'S1491065609.219343,VS0,VE1159' }
40 verbose request invalidating /Users/bragoods/.npm/registry.npmjs.org/_40brn_252fgvc on PUT
41 error publish Failed PUT 403
42 verbose stack Error: Forbidden : @brn/gvc
42 verbose stack     at makeError (/Users/bragoods/.nvm/versions/node/v6.9.5/lib/node_modules/npm/node_modules/npm-registry-client/lib/request.js:302:12)
42 verbose stack     at CachingRegistryClient.<anonymous> (/Users/bragoods/.nvm/versions/node/v6.9.5/lib/node_modules/npm/node_modules/npm-registry-client/lib/request.js:290:14)
42 verbose stack     at Request._callback (/Users/bragoods/.nvm/versions/node/v6.9.5/lib/node_modules/npm/node_modules/npm-registry-client/lib/request.js:210:14)
42 verbose stack     at Request.self.callback (/Users/bragoods/.nvm/versions/node/v6.9.5/lib/node_modules/npm/node_modules/request/request.js:187:22)
42 verbose stack     at emitTwo (events.js:106:13)
42 verbose stack     at Request.emit (events.js:191:7)
42 verbose stack     at Request.<anonymous> (/Users/bragoods/.nvm/versions/node/v6.9.5/lib/node_modules/npm/node_modules/request/request.js:1048:10)
42 verbose stack     at emitOne (events.js:96:13)
42 verbose stack     at Request.emit (events.js:188:7)
42 verbose stack     at IncomingMessage.<anonymous> (/Users/bragoods/.nvm/versions/node/v6.9.5/lib/node_modules/npm/node_modules/request/request.js:969:12)
43 verbose statusCode 403
44 verbose pkgid @brn/gvc
45 verbose cwd /Users/bragoods/Desktop/generate-vue-component-cli
46 error Darwin 14.5.0
47 error argv "/Users/bragoods/.nvm/versions/node/v6.9.5/bin/node" "/Users/bragoods/.nvm/versions/node/v6.9.5/bin/npm" "publish" "--access=public"
48 error node v6.9.5
49 error npm  v3.10.10
50 error code E403
51 error Forbidden : @brn/gvc
52 error If you need help, you may report this error at:
52 error     <https://github.com/npm/npm/issues>
53 verbose exit [ 1, true ]
